<?xml version="1.0" encoding="UTF-8"?>
<testsuite xmlns:xsi="http://www.w3.org/2001/XMLSchema-instance" xsi:noNamespaceSchemaLocation="https://maven.apache.org/surefire/maven-surefire-plugin/xsd/surefire-test-report-3.0.xsd" version="3.0" name="TestSuite" time="165.71" tests="10" errors="0" skipped="0" failures="3">
  <properties>
[...]
</properties>
  <testcase name="openUrl" classname="execution.Runner" time="33.278">
    <system-out><![CDATA[22:12:54.513 [main] INFO  helper.TestListeners - This is onStart method/home/pandian/Documents/Automation/target/surefire-reports/Suite
ChromeDriver: chrome on LINUX (0a445780162b67c3512c3721b0a72f74)
22:12:55.783 [main] INFO  helper.TestListeners - New Test Started openUrl
22:13:27.025 [main] INFO  execution.Runner - ClaritySSO - Login
22:13:28.027 [main] INFO  helper.TestListeners - Test Successfully Finished openUrl
22:13:29.063 [main] INFO  helper.TestListeners - Image File Name openUrl
]]></system-out>
    <system-err><![CDATA[SLF4J: Failed to load class "org.slf4j.impl.StaticLoggerBinder".
SLF4J: Defaulting to no-operation (NOP) logger implementation
SLF4J: See http://www.slf4j.org/codes.html#StaticLoggerBinder for further details.
Starting ChromeDriver 99.0.4844.51 (d537ec02474b5afe23684e7963d538896c63ac77-refs/branch-heads/4844@{#875}) on port 59569
Only local connections are allowed.
Please see https://chromedriver.chromium.org/security-considerations for suggestions on keeping ChromeDriver safe.
ChromeDriver was started successfully.
Mar 05, 2022 10:12:55 PM org.openqa.selenium.remote.ProtocolHandshake createSession
INFO: Detected dialect: W3C
Mar 05, 2022 10:12:55 PM org.openqa.selenium.devtools.CdpVersionFinder findNearestMatch
WARNING: Unable to find an exact match for CDP version 99, so returning the closest version found: 96
Mar 05, 2022 10:12:55 PM org.openqa.selenium.devtools.CdpVersionFinder findNearestMatch
INFO: Found CDP implementation for version 99 of 96
]]></system-err>
  </testcase>
  <testcase name="loginTest[standard_user, 23456S$](1)" classname="execution.Runner" time="1.044">
    <system-out><![CDATA[22:13:29.069 [main] INFO  helper.TestListeners - New Test Started loginTest
standard_user 23456S$
22:13:29.298 [main] INFO  helper.TestListeners - Test Successfully Finished loginTest
22:13:30.112 [main] INFO  helper.TestListeners - Image File Name loginTest
]]></system-out>
  </testcase>
  <testcase name="loginTest[srilanakamrst1@gmail.com, 12345S#](2)" classname="execution.Runner" time="1.003">
    <system-out><![CDATA[22:13:30.113 [main] INFO  helper.TestListeners - New Test Started loginTest
srilanakamrst1@gmail.com 12345S#
22:13:30.273 [main] INFO  helper.TestListeners - Test Successfully Finished loginTest
22:13:31.115 [main] INFO  helper.TestListeners - Image File Name loginTest
]]></system-out>
  </testcase>
  <testcase name="hotel" classname="execution.Runner" time="5.61">
    <system-out><![CDATA[22:13:31.116 [main] INFO  helper.TestListeners - New Test Started hotel
Hotels
22:13:35.460 [main] INFO  helper.TestListeners - Test Successfully Finished hotel
22:13:36.725 [main] INFO  helper.TestListeners - Image File Name hotel
]]></system-out>
  </testcase>
  <testcase name="locationField" classname="execution.Runner" time="2.333">
    <system-out><![CDATA[22:13:36.725 [main] INFO  helper.TestListeners - New Test Started locationField
[Ljava.lang.StackTraceElement;@2e6d76ba
22:13:37.832 [main] INFO  helper.TestListeners - Test Successfully Finished locationField
22:13:39.058 [main] INFO  helper.TestListeners - Image File Name locationField
]]></system-out>
  </testcase>
  <testcase name="checkIn" classname="execution.Runner" time="2.765">
    <system-out><![CDATA[22:13:39.059 [main] INFO  helper.TestListeners - New Test Started checkIn
22:13:40.158 [main] INFO  utility.Methods - Return : element click intercepted: Element <input id="datepicker-input-single-trigger-1" type="text" placeholder="Check-in" autocomplete="off" class="text-truncate form-control" disable="" onpaste="return false;" ondrop="return false;"> is not clickable at point (1182, 63). Other element would receive the click: <div class="header-wrapper flex-md-row ">...</div>
  (Session info: chrome=99.0.4844.51)
Build info: version: '4.1.2', revision: '9a5a329c5a'
System info: host: 'wintlt-ThinkPad-E14-Gen-2', ip: '127.0.1.1', os.name: 'Linux', os.arch: 'amd64', os.version: '5.13.0-30-generic', java.version: '11.0.13'
Driver info: org.openqa.selenium.chrome.ChromeDriver
Command: [0a445780162b67c3512c3721b0a72f74, clickElement {id=b8b1ba99-0be2-4c5d-ac61-a20a7a123462}]
Capabilities {acceptInsecureCerts: false, browserName: chrome, browserVersion: 99.0.4844.51, chrome: {chromedriverVersion: 99.0.4844.51 (d537ec02474b5..., userDataDir: /tmp/.com.google.Chrome.tq6TrZ}, goog:chromeOptions: {debuggerAddress: localhost:40199}, javascriptEnabled: true, networkConnectionEnabled: false, pageLoadStrategy: normal, platform: LINUX, platformName: LINUX, proxy: Proxy(), se:cdp: ws://localhost:40199/devtoo..., se:cdpVersion: 99.0.4844.51, setWindowRect: true, strictFileInteractability: false, timeouts: {implicit: 0, pageLoad: 300000, script: 30000}, unhandledPromptBehavior: dismiss and notify, webauthn:extension:credBlob: true, webauthn:extension:largeBlob: true, webauthn:virtualAuthenticators: true}
Element: [[ChromeDriver: chrome on LINUX (0a445780162b67c3512c3721b0a72f74)] -> relative: {root={xpath=//input[@placeholder='Check-in']}, filters=[{kind=right, args=[[[ChromeDriver: chrome on LINUX (0a445780162b67c3512c3721b0a72f74)] -> relative: {root={xpath=//input[@placeholder='Neighbourhood']}, filters=[{kind=right, args=[[[ChromeDriver: chrome on LINUX (0a445780162b67c3512c3721b0a72f74)] -> xpath: //input[@placeholder='Enter a Hotel Name or Destination']]]}]}]]}]}]
Session ID: 0a445780162b67c3512c3721b0a72f74
22:13:40.159 [main] INFO  helper.TestListeners - Test Successfully Finished checkIn
22:13:41.820 [main] INFO  helper.TestListeners - Image File Name checkIn
]]></system-out>
  </testcase>
  <testcase name="doneButton" classname="execution.Runner" time="101.803">
    <failure message="element not interactable&#10;  (Session info: chrome=99.0.4844.51)&#10;Build info: version: &apos;4.1.2&apos;, revision: &apos;9a5a329c5a&apos;&#10;System info: host: &apos;wintlt-ThinkPad-E14-Gen-2&apos;, ip: &apos;127.0.1.1&apos;, os.name: &apos;Linux&apos;, os.arch: &apos;amd64&apos;, os.version: &apos;5.13.0-30-generic&apos;, java.version: &apos;11.0.13&apos;&#10;Driver info: org.openqa.selenium.chrome.ChromeDriver&#10;Command: [0a445780162b67c3512c3721b0a72f74, clickElement {id=e8b0c63e-73df-4158-9a1e-670441e66183}]&#10;Capabilities {acceptInsecureCerts: false, browserName: chrome, browserVersion: 99.0.4844.51, chrome: {chromedriverVersion: 99.0.4844.51 (d537ec02474b5..., userDataDir: /tmp/.com.google.Chrome.tq6TrZ}, goog:chromeOptions: {debuggerAddress: localhost:40199}, javascriptEnabled: true, networkConnectionEnabled: false, pageLoadStrategy: normal, platform: LINUX, platformName: LINUX, proxy: Proxy(), se:cdp: ws://localhost:40199/devtoo..., se:cdpVersion: 99.0.4844.51, setWindowRect: true, strictFileInteractability: false, timeouts: {implicit: 0, pageLoad: 300000, script: 30000}, unhandledPromptBehavior: dismiss and notify, webauthn:extension:credBlob: true, webauthn:extension:largeBlob: true, webauthn:virtualAuthenticators: true}&#10;Element: [[ChromeDriver: chrome on LINUX (0a445780162b67c3512c3721b0a72f74)] -&gt; xpath: //div[@class=&apos;mt-4 text-center&apos;]//span[@class=&apos;cursor done_btn&apos;][normalize-space()=&apos;Done&apos;]]&#10;Session ID: 0a445780162b67c3512c3721b0a72f74" type="org.openqa.selenium.ElementNotInteractableException"><![CDATA[org.openqa.selenium.ElementNotInteractableException: 
element not interactable
  (Session info: chrome=99.0.4844.51)
Build info: version: '4.1.2', revision: '9a5a329c5a'
System info: host: 'wintlt-ThinkPad-E14-Gen-2', ip: '127.0.1.1', os.name: 'Linux', os.arch: 'amd64', os.version: '5.13.0-30-generic', java.version: '11.0.13'
Driver info: org.openqa.selenium.chrome.ChromeDriver
Command: [0a445780162b67c3512c3721b0a72f74, clickElement {id=e8b0c63e-73df-4158-9a1e-670441e66183}]
Capabilities {acceptInsecureCerts: false, browserName: chrome, browserVersion: 99.0.4844.51, chrome: {chromedriverVersion: 99.0.4844.51 (d537ec02474b5..., userDataDir: /tmp/.com.google.Chrome.tq6TrZ}, goog:chromeOptions: {debuggerAddress: localhost:40199}, javascriptEnabled: true, networkConnectionEnabled: false, pageLoadStrategy: normal, platform: LINUX, platformName: LINUX, proxy: Proxy(), se:cdp: ws://localhost:40199/devtoo..., se:cdpVersion: 99.0.4844.51, setWindowRect: true, strictFileInteractability: false, timeouts: {implicit: 0, pageLoad: 300000, script: 30000}, unhandledPromptBehavior: dismiss and notify, webauthn:extension:credBlob: true, webauthn:extension:largeBlob: true, webauthn:virtualAuthenticators: true}
Element: [[ChromeDriver: chrome on LINUX (0a445780162b67c3512c3721b0a72f74)] -> xpath: //div[@class='mt-4 text-center']//span[@class='cursor done_btn'][normalize-space()='Done']]
Session ID: 0a445780162b67c3512c3721b0a72f74
	at execution.Runner.doneButton(Runner.java:108)
]]></failure>
    <system-out><![CDATA[22:13:41.821 [main] INFO  helper.TestListeners - New Test Started doneButton
22:15:21.862 [main] INFO  helper.TestListeners - Test Successfully Failure Listener Invoked doneButton
22:15:23.623 [main] INFO  helper.TestListeners - Image File Name null.png
22:15:23.623 [main] INFO  helper.TestListeners - Test Failed doneButton
]]></system-out>
  </testcase>
  <testcase name="packageOnlyPrice" classname="execution.Runner" time="2.807">
    <failure message="element click intercepted: Element &lt;label class=&quot;custom-control-label&quot; for=&quot;__BVID__485&quot;&gt;...&lt;/label&gt; is not clickable at point (290, 12). Other element would receive the click: &lt;a href=&quot;/dashboard&quot; class=&quot;navbar-brand pointer logo b2b-logo mr-md-5&quot;&gt;...&lt;/a&gt;&#10;  (Session info: chrome=99.0.4844.51)&#10;Build info: version: &apos;4.1.2&apos;, revision: &apos;9a5a329c5a&apos;&#10;System info: host: &apos;wintlt-ThinkPad-E14-Gen-2&apos;, ip: &apos;127.0.1.1&apos;, os.name: &apos;Linux&apos;, os.arch: &apos;amd64&apos;, os.version: &apos;5.13.0-30-generic&apos;, java.version: &apos;11.0.13&apos;&#10;Driver info: org.openqa.selenium.chrome.ChromeDriver&#10;Command: [0a445780162b67c3512c3721b0a72f74, clickElement {id=a4a8c900-7325-42a7-a5b2-fe01ab6d8721}]&#10;Capabilities {acceptInsecureCerts: false, browserName: chrome, browserVersion: 99.0.4844.51, chrome: {chromedriverVersion: 99.0.4844.51 (d537ec02474b5..., userDataDir: /tmp/.com.google.Chrome.tq6TrZ}, goog:chromeOptions: {debuggerAddress: localhost:40199}, javascriptEnabled: true, networkConnectionEnabled: false, pageLoadStrategy: normal, platform: LINUX, platformName: LINUX, proxy: Proxy(), se:cdp: ws://localhost:40199/devtoo..., se:cdpVersion: 99.0.4844.51, setWindowRect: true, strictFileInteractability: false, timeouts: {implicit: 0, pageLoad: 300000, script: 30000}, unhandledPromptBehavior: dismiss and notify, webauthn:extension:credBlob: true, webauthn:extension:largeBlob: true, webauthn:virtualAuthenticators: true}&#10;Element: [[ChromeDriver: chrome on LINUX (0a445780162b67c3512c3721b0a72f74)] -&gt; xpath: //label[contains(.,&apos;Include Package Price&apos;)]]&#10;Session ID: 0a445780162b67c3512c3721b0a72f74" type="org.openqa.selenium.ElementClickInterceptedException"><![CDATA[org.openqa.selenium.ElementClickInterceptedException: 
element click intercepted: Element <label class="custom-control-label" for="__BVID__485">...</label> is not clickable at point (290, 12). Other element would receive the click: <a href="/dashboard" class="navbar-brand pointer logo b2b-logo mr-md-5">...</a>
  (Session info: chrome=99.0.4844.51)
Build info: version: '4.1.2', revision: '9a5a329c5a'
System info: host: 'wintlt-ThinkPad-E14-Gen-2', ip: '127.0.1.1', os.name: 'Linux', os.arch: 'amd64', os.version: '5.13.0-30-generic', java.version: '11.0.13'
Driver info: org.openqa.selenium.chrome.ChromeDriver
Command: [0a445780162b67c3512c3721b0a72f74, clickElement {id=a4a8c900-7325-42a7-a5b2-fe01ab6d8721}]
Capabilities {acceptInsecureCerts: false, browserName: chrome, browserVersion: 99.0.4844.51, chrome: {chromedriverVersion: 99.0.4844.51 (d537ec02474b5..., userDataDir: /tmp/.com.google.Chrome.tq6TrZ}, goog:chromeOptions: {debuggerAddress: localhost:40199}, javascriptEnabled: true, networkConnectionEnabled: false, pageLoadStrategy: normal, platform: LINUX, platformName: LINUX, proxy: Proxy(), se:cdp: ws://localhost:40199/devtoo..., se:cdpVersion: 99.0.4844.51, setWindowRect: true, strictFileInteractability: false, timeouts: {implicit: 0, pageLoad: 300000, script: 30000}, unhandledPromptBehavior: dismiss and notify, webauthn:extension:credBlob: true, webauthn:extension:largeBlob: true, webauthn:virtualAuthenticators: true}
Element: [[ChromeDriver: chrome on LINUX (0a445780162b67c3512c3721b0a72f74)] -> xpath: //label[contains(.,'Include Package Price')]]
Session ID: 0a445780162b67c3512c3721b0a72f74
	at execution.Runner.packageOnlyPrice(Runner.java:110)
]]></failure>
    <system-out><![CDATA[22:15:23.625 [main] INFO  helper.TestListeners - New Test Started packageOnlyPrice
22:15:24.736 [main] INFO  helper.TestListeners - Test Successfully Failure Listener Invoked packageOnlyPrice
22:15:26.432 [main] INFO  helper.TestListeners - Image File Name null.png
22:15:26.433 [main] INFO  helper.TestListeners - Test Failed packageOnlyPrice
]]></system-out>
  </testcase>
  <testcase name="searchButton" classname="execution.Runner" time="2.818">
    <failure message="element click intercepted: Element &lt;button class=&quot;btn btn-primary search_btn&quot;&gt;...&lt;/button&gt; is not clickable at point (1715, 20). Other element would receive the click: &lt;button aria-haspopup=&quot;true&quot; aria-expanded=&quot;false&quot; type=&quot;button&quot; class=&quot;btn dropdown-toggle btn-secondary&quot; id=&quot;__BVID__334__BV_toggle_&quot;&gt;...&lt;/button&gt;&#10;  (Session info: chrome=99.0.4844.51)&#10;Build info: version: &apos;4.1.2&apos;, revision: &apos;9a5a329c5a&apos;&#10;System info: host: &apos;wintlt-ThinkPad-E14-Gen-2&apos;, ip: &apos;127.0.1.1&apos;, os.name: &apos;Linux&apos;, os.arch: &apos;amd64&apos;, os.version: &apos;5.13.0-30-generic&apos;, java.version: &apos;11.0.13&apos;&#10;Driver info: org.openqa.selenium.chrome.ChromeDriver&#10;Command: [0a445780162b67c3512c3721b0a72f74, clickElement {id=c011177d-5666-4347-95c6-f72d7a670d62}]&#10;Capabilities {acceptInsecureCerts: false, browserName: chrome, browserVersion: 99.0.4844.51, chrome: {chromedriverVersion: 99.0.4844.51 (d537ec02474b5..., userDataDir: /tmp/.com.google.Chrome.tq6TrZ}, goog:chromeOptions: {debuggerAddress: localhost:40199}, javascriptEnabled: true, networkConnectionEnabled: false, pageLoadStrategy: normal, platform: LINUX, platformName: LINUX, proxy: Proxy(), se:cdp: ws://localhost:40199/devtoo..., se:cdpVersion: 99.0.4844.51, setWindowRect: true, strictFileInteractability: false, timeouts: {implicit: 0, pageLoad: 300000, script: 30000}, unhandledPromptBehavior: dismiss and notify, webauthn:extension:credBlob: true, webauthn:extension:largeBlob: true, webauthn:virtualAuthenticators: true}&#10;Element: [[ChromeDriver: chrome on LINUX (0a445780162b67c3512c3721b0a72f74)] -&gt; xpath: (//button[contains(.,&apos;Search&apos;)])[2]]&#10;Session ID: 0a445780162b67c3512c3721b0a72f74" type="org.openqa.selenium.ElementClickInterceptedException"><![CDATA[org.openqa.selenium.ElementClickInterceptedException: 
element click intercepted: Element <button class="btn btn-primary search_btn">...</button> is not clickable at point (1715, 20). Other element would receive the click: <button aria-haspopup="true" aria-expanded="false" type="button" class="btn dropdown-toggle btn-secondary" id="__BVID__334__BV_toggle_">...</button>
  (Session info: chrome=99.0.4844.51)
Build info: version: '4.1.2', revision: '9a5a329c5a'
System info: host: 'wintlt-ThinkPad-E14-Gen-2', ip: '127.0.1.1', os.name: 'Linux', os.arch: 'amd64', os.version: '5.13.0-30-generic', java.version: '11.0.13'
Driver info: org.openqa.selenium.chrome.ChromeDriver
Command: [0a445780162b67c3512c3721b0a72f74, clickElement {id=c011177d-5666-4347-95c6-f72d7a670d62}]
Capabilities {acceptInsecureCerts: false, browserName: chrome, browserVersion: 99.0.4844.51, chrome: {chromedriverVersion: 99.0.4844.51 (d537ec02474b5..., userDataDir: /tmp/.com.google.Chrome.tq6TrZ}, goog:chromeOptions: {debuggerAddress: localhost:40199}, javascriptEnabled: true, networkConnectionEnabled: false, pageLoadStrategy: normal, platform: LINUX, platformName: LINUX, proxy: Proxy(), se:cdp: ws://localhost:40199/devtoo..., se:cdpVersion: 99.0.4844.51, setWindowRect: true, strictFileInteractability: false, timeouts: {implicit: 0, pageLoad: 300000, script: 30000}, unhandledPromptBehavior: dismiss and notify, webauthn:extension:credBlob: true, webauthn:extension:largeBlob: true, webauthn:virtualAuthenticators: true}
Element: [[ChromeDriver: chrome on LINUX (0a445780162b67c3512c3721b0a72f74)] -> xpath: (//button[contains(.,'Search')])[2]]
Session ID: 0a445780162b67c3512c3721b0a72f74
	at execution.Runner.searchButton(Runner.java:113)
]]></failure>
    <system-out><![CDATA[22:15:26.434 [main] INFO  helper.TestListeners - New Test Started searchButton
22:15:27.540 [main] INFO  helper.TestListeners - Test Successfully Failure Listener Invoked searchButton
22:15:29.250 [main] INFO  helper.TestListeners - Image File Name null.png
22:15:29.250 [main] INFO  helper.TestListeners - Test Failed searchButton
]]></system-out>
  </testcase>
  <testcase name="filtercheck" classname="execution.Runner" time="10.034">
    <system-out><![CDATA[22:15:29.251 [main] INFO  helper.TestListeners - New Test Started filtercheck
22:15:39.262 [main] INFO  Data.WebElementReader - org.openqa.selenium.WebDriverException: chrome not reachable
  (Session info: chrome=99.0.4844.51)
Build info: version: '4.1.2', revision: '9a5a329c5a'
System info: host: 'wintlt-ThinkPad-E14-Gen-2', ip: '127.0.1.1', os.name: 'Linux', os.arch: 'amd64', os.version: '5.13.0-30-generic', java.version: '11.0.13'
Driver info: org.openqa.selenium.chrome.ChromeDriver
Command: [0a445780162b67c3512c3721b0a72f74, getPageSource {}]
Capabilities {acceptInsecureCerts: false, browserName: chrome, browserVersion: 99.0.4844.51, chrome: {chromedriverVersion: 99.0.4844.51 (d537ec02474b5..., userDataDir: /tmp/.com.google.Chrome.tq6TrZ}, goog:chromeOptions: {debuggerAddress: localhost:40199}, javascriptEnabled: true, networkConnectionEnabled: false, pageLoadStrategy: normal, platform: LINUX, platformName: LINUX, proxy: Proxy(), se:cdp: ws://localhost:40199/devtoo..., se:cdpVersion: 99.0.4844.51, setWindowRect: true, strictFileInteractability: false, timeouts: {implicit: 0, pageLoad: 300000, script: 30000}, unhandledPromptBehavior: dismiss and notify, webauthn:extension:credBlob: true, webauthn:extension:largeBlob: true, webauthn:virtualAuthenticators: true}
Session ID: 0a445780162b67c3512c3721b0a72f74
22:15:39.266 [main] INFO  pages.ResultsPage - java.lang.NullPointerException
22:15:39.267 [main] INFO  helper.TestListeners - Test Successfully Finished filtercheck
22:15:39.277 [main] WARN  helper.TestListeners - Error message user chrome not reachable
  (Session info: chrome=99.0.4844.51)
Build info: version: '4.1.2', revision: '9a5a329c5a'
System info: host: 'wintlt-ThinkPad-E14-Gen-2', ip: '127.0.1.1', os.name: 'Linux', os.arch: 'amd64', os.version: '5.13.0-30-generic', java.version: '11.0.13'
Driver info: org.openqa.selenium.chrome.ChromeDriver
Command: [0a445780162b67c3512c3721b0a72f74, executeScript {script=return window.devicePixelRatio;, args=[]}]
Capabilities {acceptInsecureCerts: false, browserName: chrome, browserVersion: 99.0.4844.51, chrome: {chromedriverVersion: 99.0.4844.51 (d537ec02474b5..., userDataDir: /tmp/.com.google.Chrome.tq6TrZ}, goog:chromeOptions: {debuggerAddress: localhost:40199}, javascriptEnabled: true, networkConnectionEnabled: false, pageLoadStrategy: normal, platform: LINUX, platformName: LINUX, proxy: Proxy(), se:cdp: ws://localhost:40199/devtoo..., se:cdpVersion: 99.0.4844.51, setWindowRect: true, strictFileInteractability: false, timeouts: {implicit: 0, pageLoad: 300000, script: 30000}, unhandledPromptBehavior: dismiss and notify, webauthn:extension:credBlob: true, webauthn:extension:largeBlob: true, webauthn:virtualAuthenticators: true}
Session ID: 0a445780162b67c3512c3721b0a72f74
]]></system-out>
  </testcase>
</testsuite>